<?xml version="1.0" encoding="UTF-8"?>
<!-- Generated by org.testng.reporters.JUnitReportReporter -->
<testsuite hostname="STA-112934-1" failures="0" tests="1" name="com.dikahadir_selenium.testCases.calender.TC_E_003" time="1.249" errors="0" timestamp="2025-06-28T20:28:15 WIB" skipped="0">
  <testcase classname="com.dikahadir_selenium.testCases.calender.TC_E_003" name="addCalenderEmpty" time="1.249"/>
</testsuite> <!-- com.dikahadir_selenium.testCases.calender.TC_E_003 -->
