<?xml version="1.0" encoding="UTF-8"?>
<!-- Generated by org.testng.reporters.JUnitReportReporter -->
<testsuite hostname="STA-112934-1" failures="0" tests="1" name="com.dikahadir_selenium.testCases.calender.TC_E_004" time="1.937" errors="0" timestamp="2025-06-28T21:11:59 WIB" skipped="0">
  <testcase classname="com.dikahadir_selenium.testCases.calender.TC_E_004" name="addCalenderEmpty" time="1.937"/>
</testsuite> <!-- com.dikahadir_selenium.testCases.calender.TC_E_004 -->
