<?xml version="1.0" encoding="UTF-8"?>
<!-- Generated by org.testng.reporters.JUnitReportReporter -->
<testsuite hostname="STA-112934-1" failures="0" tests="1" name="com.dikahadir_selenium.testCases.calender.TC_E_011" time="2.931" errors="0" timestamp="2025-06-29T00:29:09 WIB" skipped="0">
  <testcase classname="com.dikahadir_selenium.testCases.calender.TC_E_011" name="addDateDetailEmptyType" time="2.931"/>
</testsuite> <!-- com.dikahadir_selenium.testCases.calender.TC_E_011 -->
