<?xml version="1.0" encoding="UTF-8"?>
<!-- Generated by org.testng.reporters.JUnitReportReporter -->
<testsuite hostname="STA-112934-1" failures="0" tests="1" name="com.dikahadir_selenium.testCases.calender.TC_E_010" time="2.996" errors="0" timestamp="2025-06-29T00:29:10 WIB" skipped="0">
  <testcase classname="com.dikahadir_selenium.testCases.calender.TC_E_010" name="addDateDetailEmptyDate" time="2.996"/>
</testsuite> <!-- com.dikahadir_selenium.testCases.calender.TC_E_010 -->
