<?xml version="1.0" encoding="UTF-8"?>
<!-- Generated by org.testng.reporters.JUnitReportReporter -->
<testsuite hostname="STA-112934-1" failures="0" tests="1" name="com.dikahadir_selenium.testCases.shifting.TC_C_004" time="4.766" errors="0" timestamp="2025-06-28T17:53:00 WIB" skipped="0">
  <testcase classname="com.dikahadir_selenium.testCases.shifting.TC_C_004" name="AddDataMinimumInput" time="4.766"/>
</testsuite> <!-- com.dikahadir_selenium.testCases.shifting.TC_C_004 -->
