<?xml version="1.0" encoding="UTF-8"?>
<!-- Generated by org.testng.reporters.JUnitReportReporter -->
<testsuite hostname="STA-112934-1" failures="0" tests="1" name="com.dikahadir_selenium.testCases.calender.TC_E_017" time="5.515" errors="0" timestamp="2025-06-29T12:30:42 WIB" skipped="0">
  <testcase classname="com.dikahadir_selenium.testCases.calender.TC_E_017" name="editDescriptionEmpty" time="5.515"/>
</testsuite> <!-- com.dikahadir_selenium.testCases.calender.TC_E_017 -->
