<?xml version="1.0" encoding="UTF-8"?>
<!-- Generated by org.testng.reporters.JUnitReportReporter -->
<testsuite hostname="STA-112934-1" failures="0" tests="1" name="com.dikahadir_selenium.testBase.BaseClass" time="2.627" errors="0" timestamp="2025-06-19T14:51:00 WIB" skipped="0">
  <testcase classname="com.dikahadir_selenium.testBase.BaseClass" name="setup" time="2.627"/>
</testsuite> <!-- com.dikahadir_selenium.testBase.BaseClass -->
