<?xml version="1.0" encoding="UTF-8"?>
<!-- Generated by org.testng.reporters.JUnitReportReporter -->
<testsuite hostname="STA-112934-1" failures="0" tests="1" name="com.dikahadir_selenium.testCases.shifting.TC_C_005" time="7.532" errors="0" timestamp="2025-06-28T17:53:01 WIB" skipped="0">
  <testcase classname="com.dikahadir_selenium.testCases.shifting.TC_C_005" name="AddDataFull" time="7.532"/>
</testsuite> <!-- com.dikahadir_selenium.testCases.shifting.TC_C_005 -->
