<?xml version="1.0" encoding="UTF-8"?>
<!-- Generated by org.testng.reporters.JUnitReportReporter -->
<testsuite hostname="STA-112934-1" failures="0" tests="1" name="com.dikahadir_selenium.testCases.TC_C_016" time="2.928" errors="0" timestamp="2025-06-28T17:31:16 WIB" skipped="0">
  <testcase classname="com.dikahadir_selenium.testCases.TC_C_016" name="checkNextAndPreviousDisplay" time="2.928"/>
</testsuite> <!-- com.dikahadir_selenium.testCases.TC_C_016 -->
